<?xml version="1.0" encoding="UTF-8"?>
<testsuites name="jest tests" tests="12" failures="0" errors="0" time="4.586">
  <testsuite name="AppController" errors="0" failures="0" skipped="0" timestamp="2024-08-21T07:34:12" time="4.445" tests="12">
    <testcase classname="AppController should be defined" name="AppController should be defined" time="0.061">
    </testcase>
    <testcase classname="AppController create should create a user" name="AppController create should create a user" time="0.011">
    </testcase>
    <testcase classname="AppController create should throw an RpcException if username already exists" name="AppController create should throw an RpcException if username already exists" time="0.039">
    </testcase>
    <testcase classname="AppController getUserList should find all community with pagination" name="AppController getUserList should find all community with pagination" time="0.013">
    </testcase>
    <testcase classname="AppController getUserList should throw an RpcException if mongoose error occurs" name="AppController getUserList should throw an RpcException if mongoose error occurs" time="0.008">
    </testcase>
    <testcase classname="AppController getOne should return a user" name="AppController getOne should return a user" time="0.012">
    </testcase>
    <testcase classname="AppController delete should delete a user" name="AppController delete should delete a user" time="0.005">
    </testcase>
    <testcase classname="AppController update should update a user" name="AppController update should update a user" time="0.015">
    </testcase>
    <testcase classname="AppController update should throw an RpcException if user not found" name="AppController update should throw an RpcException if user not found" time="0.006">
    </testcase>
    <testcase classname="AppController forgot-password should throw an error because user not found" name="AppController forgot-password should throw an error because user not found" time="0.01">
    </testcase>
    <testcase classname="AppController forgot-password should failed generate token otp because otp_qty is zero and must be banned" name="AppController forgot-password should failed generate token otp because otp_qty is zero and must be banned" time="0.018">
    </testcase>
    <testcase classname="AppController forgot-password should failed to generate token because still in banned time" name="AppController forgot-password should failed to generate token because still in banned time" time="0.009">
    </testcase>
  </testsuite>
</testsuites>